<?xml version="1.0" encoding="UTF-8"?>
<!-- Generated by org.testng.reporters.JUnitReportReporter -->
<testsuite hostname="DESKTOP-S69L5QC" failures="0" tests="1" name="phase5.Invalidloginerror" time="129.712" errors="0" timestamp="2022-10-08T18:20:47 IST" skipped="0">
  <testcase classname="phase5.Invalidloginerror" name="Invalid" time="129.712"/>
  <system-out/>
</testsuite> <!-- phase5.Invalidloginerror -->
