<?xml version="1.0" encoding="UTF-8"?>
<!-- Generated by org.testng.reporters.JUnitReportReporter -->
<testsuite hostname="DESKTOP-S69L5QC" failures="0" tests="3" name="phase5.Testautomate" time="349.884" errors="0" timestamp="2022-10-08T18:20:47 IST" skipped="0">
  <testcase classname="phase5.Testautomate" name="Registeration" time="89.744"/>
  <system-out/>
  <testcase classname="phase5.Testautomate" name="sigin" time="144.213"/>
  <system-out/>
  <testcase classname="phase5.Testautomate" name="addToCart" time="115.927"/>
  <system-out/>
</testsuite> <!-- phase5.Testautomate -->
